\BOOKMARK [0][-]{chapter*.1}{Preface}{}% 1
\BOOKMARK [0][-]{chapter*.2}{Abstract}{}% 2
\BOOKMARK [0][-]{chapter*.3}{Samenvatting}{}% 3
\BOOKMARK [0][-]{chapter*.4}{List of Figures, Tables and Algorithms}{}% 4
\BOOKMARK [0][-]{chapter*.9}{List of Abbreviations and Symbols}{}% 5
\BOOKMARK [0][-]{chapter.1}{Introduction}{}% 6
\BOOKMARK [1][-]{section.1.1}{Regaining Mobility through Wheelchair Assisted Navigation}{chapter.1}% 7
\BOOKMARK [1][-]{section.1.2}{Current Research at the Department of Mechanical Engineering}{chapter.1}% 8
\BOOKMARK [1][-]{section.1.3}{Scope and Contribution}{chapter.1}% 9
\BOOKMARK [1][-]{section.1.4}{Requirements for a Local Path Planner}{chapter.1}% 10
\BOOKMARK [1][-]{section.1.5}{Overview}{chapter.1}% 11
\BOOKMARK [0][-]{chapter.2}{Literature Study}{}% 12
\BOOKMARK [1][-]{section.2.1}{Introduction}{chapter.2}% 13
\BOOKMARK [1][-]{section.2.2}{Path Planning Algorithms}{chapter.2}% 14
\BOOKMARK [1][-]{section.2.3}{Human-Aware Robot Navigation}{chapter.2}% 15
\BOOKMARK [1][-]{section.2.4}{Conclusion}{chapter.2}% 16
\BOOKMARK [0][-]{chapter.3}{Design of a Local Path Planner}{}% 17
\BOOKMARK [1][-]{section.3.1}{Introduction}{chapter.3}% 18
\BOOKMARK [1][-]{section.3.2}{Local State Lattice}{chapter.3}% 19
\BOOKMARK [1][-]{section.3.3}{Lookup table for collision checking}{chapter.3}% 20
\BOOKMARK [1][-]{section.3.4}{Extention for Dynamic Motion Planning}{chapter.3}% 21
\BOOKMARK [1][-]{section.3.5}{Socially Compliant Path Planning}{chapter.3}% 22
\BOOKMARK [1][-]{section.3.6}{Conclusion}{chapter.3}% 23
\BOOKMARK [0][-]{chapter.4}{Evaluation of the Developed Local Path Planner}{}% 24
\BOOKMARK [1][-]{section.4.1}{Introduction}{chapter.4}% 25
\BOOKMARK [1][-]{section.4.2}{Path Planning Performances}{chapter.4}% 26
\BOOKMARK [1][-]{section.4.3}{Time Performances}{chapter.4}% 27
\BOOKMARK [1][-]{section.4.4}{Conclusion}{chapter.4}% 28
\BOOKMARK [0][-]{chapter.5}{Future Work}{}% 29
\BOOKMARK [0][-]{chapter.6}{Conclusion}{}% 30
\BOOKMARK [0][-]{appendix.A}{B\351zier Curve Calculations}{}% 31
\BOOKMARK [1][-]{section.A.1}{Mathematical Formulations and Derivatives}{appendix.A}% 32
\BOOKMARK [1][-]{section.A.2}{Constrained Optimization Problem Formulation}{appendix.A}% 33
\BOOKMARK [0][-]{appendix.B}{Source Code}{}% 34
\BOOKMARK [1][-]{section.B.1}{Directory Organization}{appendix.B}% 35
\BOOKMARK [0][-]{section*.65}{Bibliography}{}% 36
